<?xml version="1.0" encoding="UTF-8"?>
<!-- Generated by org.testng.reporters.JUnitReportReporter -->
<testsuite hostname="DESKTOP-Q0VU621" failures="0" tests="1" name="com.mavenTest.userLoginTest" time="0.006" errors="0" timestamp="2024-01-28T22:25:49 IST" skipped="0">
  <testcase classname="com.mavenTest.userLoginTest" name="userLoginTestSuccess" time="0.006"/>
</testsuite> <!-- com.mavenTest.userLoginTest -->
